<?xml version="1.0" encoding="UTF-8"?>
<testng-results skipped="0" failed="0" total="1" passed="1">
  <reporter-output>
  </reporter-output>
  <suite name="Default suite" duration-ms="60627" started-at="2018-06-24T19:21:42Z" finished-at="2018-06-24T19:22:43Z">
    <groups>
    </groups>
    <test name="Default test" duration-ms="60627" started-at="2018-06-24T19:21:42Z" finished-at="2018-06-24T19:22:43Z">
      <class name="code.DataDriving">
        <test-method status="PASS" signature="createNewConexion()[pri:0, instance:code.DataDriving@5622fdf]" name="createNewConexion" duration-ms="60577" started-at="2018-06-25T00:51:42Z" finished-at="2018-06-25T00:52:43Z">
          <reporter-output>
          </reporter-output>
        </test-method> <!-- createNewConexion -->
      </class> <!-- code.DataDriving -->
    </test> <!-- Default test -->
  </suite> <!-- Default suite -->
</testng-results>
